<?xml version="1.0" encoding="UTF-8"?>
<testng-results ignored="0" total="1" passed="1" failed="0" skipped="0">
  <reporter-output>
  </reporter-output>
  <suite started-at="2023-08-29T11:54:33 IST" name="Suite" finished-at="2023-08-29T11:54:55 IST" duration-ms="22406">
    <groups>
    </groups>
    <test started-at="2023-08-29T11:54:33 IST" name="Test" finished-at="2023-08-29T11:54:55 IST" duration-ms="22406">
      <class name="com.qa.testscript.TC_AutomationPanda_001">
        <test-method is-config="true" signature="setUp(java.lang.String)[pri:0, instance:com.qa.testscript.TC_AutomationPanda_001@302c971f]" started-at="2023-08-29T11:54:33 IST" name="setUp" finished-at="2023-08-29T11:54:50 IST" duration-ms="17376" status="PASS">
          <params>
            <param index="0">
              <value>
                <![CDATA[https://automationpanda.com/2021/12/29/want-to-practice-test-automation-try-these-demo-sites/]]>
              </value>
            </param>
          </params>
          <reporter-output>
          </reporter-output>
        </test-method> <!-- setUp -->
        <test-method signature="ContactTest()[pri:0, instance:com.qa.testscript.TC_AutomationPanda_001@302c971f]" started-at="2023-08-29T11:54:50 IST" name="ContactTest" finished-at="2023-08-29T11:54:55 IST" duration-ms="4803" status="PASS">
          <reporter-output>
          </reporter-output>
        </test-method> <!-- ContactTest -->
        <test-method is-config="true" signature="tearDown()[pri:0, instance:com.qa.testscript.TC_AutomationPanda_001@302c971f]" started-at="2023-08-29T11:54:55 IST" name="tearDown" finished-at="2023-08-29T11:54:55 IST" duration-ms="178" status="PASS">
          <reporter-output>
          </reporter-output>
        </test-method> <!-- tearDown -->
      </class> <!-- com.qa.testscript.TC_AutomationPanda_001 -->
    </test> <!-- Test -->
  </suite> <!-- Suite -->
</testng-results>
