<?xml version="1.0" encoding="UTF-8"?>
<testng-results ignored="0" total="1" passed="1" failed="0" skipped="0">
  <reporter-output>
  </reporter-output>
  <suite started-at="2023-08-29T11:36:34 IST" name="Suite" finished-at="2023-08-29T11:36:48 IST" duration-ms="14180">
    <groups>
    </groups>
    <test started-at="2023-08-29T11:36:34 IST" name="Test" finished-at="2023-08-29T11:36:48 IST" duration-ms="14180">
      <class name="com.qa.testscripts.TC_Flipkart_001">
        <test-method is-config="true" signature="setUp(java.lang.String)[pri:0, instance:com.qa.testscripts.TC_Flipkart_001@78123e82]" started-at="2023-08-29T11:36:34 IST" name="setUp" finished-at="2023-08-29T11:36:41 IST" duration-ms="6689" status="PASS">
          <params>
            <param index="0">
              <value>
                <![CDATA[https://www.flipkart.com/]]>
              </value>
            </param>
          </params>
          <reporter-output>
          </reporter-output>
        </test-method> <!-- setUp -->
        <test-method signature="flipkartCheck()[pri:0, instance:com.qa.testscripts.TC_Flipkart_001@78123e82]" started-at="2023-08-29T11:36:41 IST" name="flipkartCheck" finished-at="2023-08-29T11:36:47 IST" duration-ms="6015" status="PASS">
          <reporter-output>
          </reporter-output>
        </test-method> <!-- flipkartCheck -->
        <test-method is-config="true" signature="tearDown()[pri:0, instance:com.qa.testscripts.TC_Flipkart_001@78123e82]" started-at="2023-08-29T11:36:47 IST" name="tearDown" finished-at="2023-08-29T11:36:48 IST" duration-ms="1397" status="PASS">
          <reporter-output>
          </reporter-output>
        </test-method> <!-- tearDown -->
      </class> <!-- com.qa.testscripts.TC_Flipkart_001 -->
    </test> <!-- Test -->
  </suite> <!-- Suite -->
</testng-results>
